<?xml version="1.0" encoding="UTF-8"?>
<testng-results ignored="0" total="2" passed="2" failed="0" skipped="0">
  <reporter-output>
  </reporter-output>
  <suite started-at="2021-04-01T10:20:57Z" name="Default suite" finished-at="2021-04-01T10:21:02Z" duration-ms="5059">
    <groups>
    </groups>
    <test started-at="2021-04-01T10:20:57Z" name="Default test" finished-at="2021-04-01T10:21:02Z" duration-ms="5059">
      <class name="twitter">
        <test-method signature="getTweet()[pri:0, instance:twitter@768fc0f2]" started-at="2021-04-01T10:20:57Z" name="getTweet" finished-at="2021-04-01T10:21:00Z" duration-ms="3842" status="PASS">
          <reporter-output>
          </reporter-output>
        </test-method> <!-- getTweet -->
        <test-method signature="postanddeleteTweet()[pri:0, instance:twitter@768fc0f2]" started-at="2021-04-01T10:21:00Z" name="postanddeleteTweet" finished-at="2021-04-01T10:21:02Z" duration-ms="1175" status="PASS">
          <reporter-output>
          </reporter-output>
        </test-method> <!-- postanddeleteTweet -->
      </class> <!-- twitter -->
    </test> <!-- Default test -->
  </suite> <!-- Default suite -->
</testng-results>
