<?xml version="1.0" encoding="UTF-8"?>
<!-- Generated by org.testng.reporters.JUnitXMLReporter -->
<testsuite ignored="0" hostname="QT-INBG-LT" failures="0" tests="8" name="Cards" time="0.091" errors="0" timestamp="2021-03-20T10:31:14 IST">
  <testcase classname="test.Basic" name="WebCreditCardMethod1" time="0.012"/>
  <testcase classname="test.Basic" name="WebCreditCardMethod2" time="0.001"/>
  <testcase classname="test.Basic1" name="MobileCreditCardMethod1" time="0.002"/>
  <testcase classname="test.Basic1" name="MobileCreditCardMethod2" time="0.001"/>
  <testcase classname="test.Basic3" name="WebDebitCardMethod1" time="0.004"/>
  <testcase classname="test.Basic3" name="WebDebitCardMethod2" time="0.001"/>
  <testcase classname="test.Basic4" name="MobileDebitCardMethod1" time="0.001"/>
  <testcase classname="test.Basic4" name="MobileDeitCardMethod2" time="0.001"/>
</testsuite> <!-- Cards -->
