<?xml version="1.0" encoding="UTF-8"?>
<testng-results ignored="0" total="1" passed="1" failed="0" skipped="0">
  <reporter-output>
  </reporter-output>
  <suite started-at="2021-03-22T10:08:34 IST" name="Default suite" finished-at="2021-03-22T10:09:03 IST" duration-ms="29130">
    <groups>
    </groups>
    <test started-at="2021-03-22T10:08:34 IST" name="Default test" finished-at="2021-03-22T10:09:03 IST" duration-ms="29130">
      <class name="test.GlobalVariable">
        <test-method signature="login()[pri:0, instance:test.GlobalVariable@15ca7889]" started-at="2021-03-22T10:08:34 IST" name="login" finished-at="2021-03-22T10:09:03 IST" duration-ms="28992" status="PASS">
          <reporter-output>
          </reporter-output>
        </test-method> <!-- login -->
      </class> <!-- test.GlobalVariable -->
    </test> <!-- Default test -->
  </suite> <!-- Default suite -->
</testng-results>
