<?xml version="1.0" encoding="UTF-8"?>
<!-- Generated by org.testng.reporters.JUnitXMLReporter -->
<testsuite ignored="0" hostname="QT-INBG-LT" failures="0" tests="4" name="Debit Card" time="0.026" errors="0" timestamp="2021-03-20T11:04:27 IST">
  <testcase classname="test.Basic3" name="WebDebitCardMethod1" time="0.003"/>
  <testcase classname="test.Basic3" name="WebDebitCardMethod2" time="0.007"/>
  <testcase classname="test.Basic4" name="MobileDebitCardMethod1" time="0.002"/>
  <testcase classname="test.Basic4" name="MobileDeitCardMethod2" time="0.001"/>
</testsuite> <!-- Debit Card -->
