<?xml version="1.0" encoding="UTF-8"?>
<!-- Generated by org.testng.reporters.JUnitXMLReporter -->
<testsuite hostname="QT-INBG-LT" failures="0" tests="9" name="Test" time="0.141" errors="0" timestamp="1 Apr 2021 12:24:27 GMT">
  <testcase classname="MyNewProjectAPI.RestAssuredTestProject.APIFive" name="@BeforeTest getData" time="0.0">
    <failure type="java.io.FileNotFoundException" message="C:\Users\Qualitest\eclipse-workspace\APITesting\src\API\data.properties (The system cannot find the file specified)">
      <![CDATA[java.io.FileNotFoundException: C:\Users\Qualitest\eclipse-workspace\APITesting\src\API\data.properties (The system cannot find the file specified)
	at java.base/java.io.FileInputStream.open0(Native Method)
	at java.base/java.io.FileInputStream.open(FileInputStream.java:211)
	at java.base/java.io.FileInputStream.<init>(FileInputStream.java:153)
	at java.base/java.io.FileInputStream.<init>(FileInputStream.java:108)
	at MyNewProjectAPI.RestAssuredTestProject.APIFive.getData(APIFive.java:23)
... Removed 22 stack frames]]>
    </failure>
  </testcase> <!-- @BeforeTest getData -->
  <testcase classname="MyNewProjectAPI.RestAssuredTestProject.APIFive" name="@BeforeTest getData" time="0.0">
    <skipped/>
  </testcase> <!-- @BeforeTest getData -->
  <testcase classname="MyNewProjectAPI.RestAssuredTestProject.APIFive" name="@BeforeTest getData" time="0.0">
    <skipped/>
  </testcase> <!-- @BeforeTest getData -->
  <testcase classname="MyNewProjectAPI.RestAssuredTestProject.APISix" name="APITest5" time="0.001">
    <skipped/>
  </testcase> <!-- APITest5 -->
  <testcase classname="MyNewProjectAPI.RestAssuredTestProject.APIFive" name="APITest5" time="0.002">
    <skipped/>
  </testcase> <!-- APITest5 -->
  <testcase classname="MyNewProjectAPI.RestAssuredTestProject.APIFive" name="APITest5" time="0.001">
    <skipped/>
  </testcase> <!-- APITest5 -->
  <testcase classname="MyNewProjectAPI.RestAssuredTestProject.APIFirst" name="APITest" time="0.002">
    <skipped/>
  </testcase> <!-- APITest -->
  <testcase classname="MyNewProjectAPI.RestAssuredTestProject.APIThird" name="APITest3" time="0.002">
    <skipped/>
  </testcase> <!-- APITest3 -->
  <testcase classname="MyNewProjectAPI.RestAssuredTestProject.twitter" name="getTweet" time="0.002">
    <skipped/>
  </testcase> <!-- getTweet -->
  <testcase classname="MyNewProjectAPI.RestAssuredTestProject.twitter" name="postanddeleteTweet" time="0.001">
    <skipped/>
  </testcase> <!-- postanddeleteTweet -->
  <testcase classname="MyNewProjectAPI.RestAssuredTestProject.APISecond" name="APITest2" time="0.002">
    <skipped/>
  </testcase> <!-- APITest2 -->
  <testcase classname="MyNewProjectAPI.RestAssuredTestProject.APIFour" name="APITest" time="0.0">
    <skipped/>
  </testcase> <!-- APITest -->
</testsuite> <!-- Test -->
