<?xml version="1.0" encoding="UTF-8"?>
<testng-results total="1" passed="1" failed="0" skipped="0">
  <reporter-output>
  </reporter-output>
  <suite started-at="2021-04-01T12:08:39Z" name="Surefire suite" finished-at="2021-04-01T12:08:39Z" duration-ms="142">
    <groups>
    </groups>
    <test started-at="2021-04-01T12:08:39Z" name="Surefire test" finished-at="2021-04-01T12:08:39Z" duration-ms="142">
      <class name="MyNewProjectAPI.RestAssuredTestProject.AppTest">
        <test-method signature="shouldAnswerWithTrue()[pri:0, instance:shouldAnswerWithTrue(MyNewProjectAPI.RestAssuredTestProject.AppTest)]" started-at="2021-04-01T17:38:39Z" name="shouldAnswerWithTrue" finished-at="2021-04-01T17:38:39Z" duration-ms="2" status="PASS">
          <reporter-output>
          </reporter-output>
        </test-method> <!-- shouldAnswerWithTrue -->
      </class> <!-- MyNewProjectAPI.RestAssuredTestProject.AppTest -->
    </test> <!-- Surefire test -->
  </suite> <!-- Surefire suite -->
</testng-results>
